[2025-10-15 15:30:20,285] INFO - ==================== Data Ingestion log started. ====================
[2025-10-15 15:30:20,286] INFO - Data Ingestion config:DataIngestionConfig(dataset_download_url='https://github.com/sameer-at-git/others/raw/main/data.zip', raw_data_dir='artifacts\\dataset\\raw_data', ingested_data_dir='artifacts\\dataset\\ingested_data')
[2025-10-15 15:30:20,286] INFO - ==================== Data Validation log started. ====================
[2025-10-15 15:30:20,287] INFO - Data Validation config:DataValidationConfig(clean_data_dir='artifacts\\dataset\\clean_data', books_csv_file='artifacts\\dataset\\ingested_data\\BX-Books.csv', ratings_csv_file='artifacts\\dataset\\ingested_data\\BX-Book-Ratings.csv', serialized_objects_dir='artifacts\\serialized_objects')
[2025-10-15 15:30:20,287] INFO - ==================== Data Transformation log : ====================
[2025-10-15 15:30:20,287] INFO - Data Transformation config:DataTransformationConfig(clean_data_file_path='artifacts\\dataset\\clean_data\\clean_data.csv', transformed_data_dir='artifacts\\dataset\\transformed_data')
[2025-10-15 15:30:20,287] INFO - Data Validation config:DataValidationConfig(clean_data_dir='artifacts\\dataset\\clean_data', books_csv_file='artifacts\\dataset\\ingested_data\\BX-Books.csv', ratings_csv_file='artifacts\\dataset\\ingested_data\\BX-Book-Ratings.csv', serialized_objects_dir='artifacts\\serialized_objects')
[2025-10-15 15:30:20,287] INFO - ==================== model Training log : ====================
[2025-10-15 15:30:20,287] INFO - Model Trainer Config: ModelTrainerConfig(transformed_data_file_dir='artifacts\\dataset\\transformed_data\\transformed_data.pkl', trained_model_dir='artifacts\\trained_model', trained_model_name='model.pkl')
[2025-10-15 15:30:20,288] INFO - Data downloading from https://github.com/sameer-at-git/others/raw/main/data.zip successfully and saved to artifacts\dataset\raw_data\data.zip
[2025-10-15 15:30:28,367] INFO - Data downloaded from https://github.com/sameer-at-git/others/raw/main/data.zip successfully and saved to artifacts\dataset\raw_data\data.zip
[2025-10-15 15:30:28,367] INFO - Extracting zip file: artifacts\dataset\raw_data\data.zip to dir: artifacts\dataset\ingested_data
[2025-10-15 15:30:28,847] INFO - Extracted zip file: artifacts\dataset\raw_data\data.zip to dir: artifacts\dataset\ingested_data
[2025-10-15 15:30:28,847] INFO - ==================== Data Ingestion log completed. ====================


[2025-10-15 15:30:28,847] INFO - ==================== Data Validation log started. ====================


[2025-10-15 15:30:30,353] INFO - Read books and ratings data successfully
[2025-10-15 15:30:30,353] INFO - Shape of ratings Data file: (1149780, 3) 
[2025-10-15 15:30:30,353] INFO - Shape of books data file: (271360, 8)
[2025-10-15 15:30:31,481] INFO - Shape of final Cleaned data: (59850, 9)
[2025-10-15 15:30:31,680] INFO - Cleaned data saved at location: artifacts\dataset\clean_data
[2025-10-15 15:30:31,695] INFO - Final rating data serialized at location: artifacts\serialized_objects
[2025-10-15 15:30:31,764] INFO - ==================== Data Validation log completed. ====================


[2025-10-15 15:30:31,764] INFO - ====================Data Transformation log started.==================== 
[2025-10-15 15:30:31,895] INFO - Saved pivot table data to artifacts\dataset\transformed_data
[2025-10-15 15:30:31,895] INFO - Saved book names serialization object to artifacts\serialized_objects
[2025-10-15 15:30:31,899] INFO - Saved book pivot serialization object to artifacts\serialized_objects
[2025-10-15 15:30:31,900] INFO - ====================Data Transformation log completed.==================== 


[2025-10-15 15:30:31,900] INFO - ====================Model Trainer log started.==================== 
[2025-10-15 15:30:31,929] INFO - Saving final model to artifacts\trained_model\model.pkl
[2025-10-15 15:30:31,930] INFO - ====================Model Trainer log completed.==================== 


